<?xml version="1.0" encoding="UTF-8"?>
<!-- Generated by org.testng.reporters.JUnitXMLReporter -->
<testsuite ignored="0" hostname="DESKTOP-PIJCOC8" failures="0" tests="3" name="Default test" time="162.413" errors="0" timestamp="2024-12-24T11:57:19 IST">
  <testcase classname="com.crm.contactTest.CreateContactTest" name="createContactTest" time="45.464"/>
  <testcase classname="com.crm.contactTest.CreateContactTest" name="createContactWithOrgTest" time="30.602"/>
  <testcase classname="com.crm.contactTest.CreateContactTest" name="createContactWithSupportDateTest" time="12.98"/>
</testsuite> <!-- Default test -->
