<?xml version="1.0" encoding="UTF-8"?>
<!-- Generated by org.testng.reporters.JUnitXMLReporter -->
<testsuite ignored="4" hostname="DESKTOP-PIJCOC8" failures="0" tests="2" name="Test" time="48.405" errors="0" timestamp="2024-12-24T14:29:49 IST">
  <testcase classname="com.crm.orgTest.OrgTest" name="createOrgTest" time="11.215"/>
  <testcase classname="com.crm.contactTest.ContactTest" name="createContactTest" time="11.334"/>
  <testcase classname="com.crm.orgTest.OrgTest" name="createOrgWithIndustryTest" time="0.0">
    <ignored/>
  </testcase> <!-- createOrgWithIndustryTest -->
  <testcase classname="com.crm.contactTest.ContactTest" name="createContactWithSupportDateTest" time="0.0">
    <ignored/>
  </testcase> <!-- createContactWithSupportDateTest -->
  <testcase classname="com.crm.orgTest.OrgTest" name="createOrgWithPhoneNumberTest" time="0.0">
    <ignored/>
  </testcase> <!-- createOrgWithPhoneNumberTest -->
  <testcase classname="com.crm.contactTest.ContactTest" name="createContactWithOrgTest" time="0.0">
    <ignored/>
  </testcase> <!-- createContactWithOrgTest -->
</testsuite> <!-- Test -->
