<?xml version="1.0" encoding="UTF-8"?>
<!-- Generated by org.testng.reporters.JUnitXMLReporter -->
<testsuite ignored="2" hostname="DESKTOP-PIJCOC8" failures="0" tests="1" name="Test" time="23.669" errors="0" timestamp="2024-12-24T14:27:21 IST">
  <testcase classname="com.crm.orgTest.OrgTest" name="createOrgTest" time="10.79"/>
  <testcase classname="com.crm.orgTest.OrgTest" name="createOrgWithIndustryTest" time="0.0">
    <ignored/>
  </testcase> <!-- createOrgWithIndustryTest -->
  <testcase classname="com.crm.orgTest.OrgTest" name="createOrgWithPhoneNumberTest" time="0.0">
    <ignored/>
  </testcase> <!-- createOrgWithPhoneNumberTest -->
</testsuite> <!-- Test -->
