<?xml version="1.0" encoding="UTF-8"?>
<testng-results ignored="4" total="6" passed="2" failed="0" skipped="0">
  <reporter-output>
  </reporter-output>
  <suite started-at="2024-12-24T14:29:01 IST" name="Suite" finished-at="2024-12-24T14:29:49 IST" duration-ms="48405">
    <groups>
      <group name="smoke">
        <method signature="ContactTest.createContactTest()[pri:0, instance:com.crm.contactTest.ContactTest@515aebb0]" name="createContactTest" class="com.crm.contactTest.ContactTest"/>
        <method signature="OrgTest.createOrgTest()[pri:0, instance:com.crm.orgTest.OrgTest@5876a9af]" name="createOrgTest" class="com.crm.orgTest.OrgTest"/>
      </group> <!-- smoke -->
    </groups>
    <test started-at="2024-12-24T14:29:01 IST" name="Test" finished-at="2024-12-24T14:29:49 IST" duration-ms="48405">
      <class name="com.crm.orgTest.OrgTest">
        <test-method is-config="true" signature="configBeforeClass()[pri:0, instance:com.crm.orgTest.OrgTest@5876a9af]" started-at="2024-12-24T14:29:01 IST" name="configBeforeClass" finished-at="2024-12-24T14:29:02 IST" duration-ms="1614" status="PASS">
          <reporter-output>
          </reporter-output>
        </test-method> <!-- configBeforeClass -->
        <test-method is-config="true" signature="configBM()[pri:0, instance:com.crm.orgTest.OrgTest@5876a9af]" started-at="2024-12-24T14:29:02 IST" name="configBM" finished-at="2024-12-24T14:29:07 IST" duration-ms="4615" status="PASS">
          <reporter-output>
          </reporter-output>
        </test-method> <!-- configBM -->
        <test-method signature="createOrgTest()[pri:0, instance:com.crm.orgTest.OrgTest@5876a9af]" started-at="2024-12-24T14:29:07 IST" name="createOrgTest" finished-at="2024-12-24T14:29:18 IST" duration-ms="11215" status="PASS">
          <reporter-output>
          </reporter-output>
        </test-method> <!-- createOrgTest -->
        <test-method is-config="true" signature="configAM()[pri:0, instance:com.crm.orgTest.OrgTest@5876a9af]" started-at="2024-12-24T14:29:18 IST" name="configAM" finished-at="2024-12-24T14:29:25 IST" duration-ms="6710" status="PASS">
          <reporter-output>
          </reporter-output>
        </test-method> <!-- configAM -->
        <test-method is-config="true" signature="configAC()[pri:0, instance:com.crm.orgTest.OrgTest@5876a9af]" started-at="2024-12-24T14:29:25 IST" name="configAC" finished-at="2024-12-24T14:29:25 IST" duration-ms="252" status="PASS">
          <reporter-output>
          </reporter-output>
        </test-method> <!-- configAC -->
      </class> <!-- com.crm.orgTest.OrgTest -->
      <class name="com.crm.contactTest.ContactTest">
        <test-method is-config="true" signature="configBeforeClass()[pri:0, instance:com.crm.contactTest.ContactTest@515aebb0]" started-at="2024-12-24T14:29:25 IST" name="configBeforeClass" finished-at="2024-12-24T14:29:26 IST" duration-ms="1175" status="PASS">
          <reporter-output>
          </reporter-output>
        </test-method> <!-- configBeforeClass -->
        <test-method is-config="true" signature="configBM()[pri:0, instance:com.crm.contactTest.ContactTest@515aebb0]" started-at="2024-12-24T14:29:26 IST" name="configBM" finished-at="2024-12-24T14:29:31 IST" duration-ms="4513" status="PASS">
          <reporter-output>
          </reporter-output>
        </test-method> <!-- configBM -->
        <test-method signature="createContactTest()[pri:0, instance:com.crm.contactTest.ContactTest@515aebb0]" started-at="2024-12-24T14:29:31 IST" name="createContactTest" finished-at="2024-12-24T14:29:42 IST" duration-ms="11334" status="PASS">
          <reporter-output>
          </reporter-output>
        </test-method> <!-- createContactTest -->
        <test-method is-config="true" signature="configAM()[pri:0, instance:com.crm.contactTest.ContactTest@515aebb0]" started-at="2024-12-24T14:29:42 IST" name="configAM" finished-at="2024-12-24T14:29:49 IST" duration-ms="6643" status="PASS">
          <reporter-output>
          </reporter-output>
        </test-method> <!-- configAM -->
        <test-method is-config="true" signature="configAC()[pri:0, instance:com.crm.contactTest.ContactTest@515aebb0]" started-at="2024-12-24T14:29:49 IST" name="configAC" finished-at="2024-12-24T14:29:49 IST" duration-ms="287" status="PASS">
          <reporter-output>
          </reporter-output>
        </test-method> <!-- configAC -->
      </class> <!-- com.crm.contactTest.ContactTest -->
    </test> <!-- Test -->
  </suite> <!-- Suite -->
</testng-results>
