<?xml version="1.0" encoding="UTF-8"?>
<testng-results ignored="4" total="6" passed="2" failed="0" skipped="0">
  <reporter-output>
  </reporter-output>
  <suite started-at="2024-12-24T13:55:24 IST" name="Suite" finished-at="2024-12-24T13:56:30 IST" duration-ms="66242">
    <groups>
      <group name="smoke">
        <method signature="ContactTest.createContactTest()[pri:0, instance:com.crm.contactTest.ContactTest@5bf0d49]" name="createContactTest" class="com.crm.contactTest.ContactTest"/>
        <method signature="OrgTest.createOrgTest()[pri:0, instance:com.crm.orgTest.OrgTest@51399530]" name="createOrgTest" class="com.crm.orgTest.OrgTest"/>
      </group> <!-- smoke -->
    </groups>
    <test started-at="2024-12-24T13:55:24 IST" name="Test" finished-at="2024-12-24T13:56:30 IST" duration-ms="66242">
      <class name="com.crm.orgTest.OrgTest">
        <test-method is-config="true" signature="configBeforeClass()[pri:0, instance:com.crm.orgTest.OrgTest@51399530]" started-at="2024-12-24T13:55:24 IST" name="configBeforeClass" finished-at="2024-12-24T13:55:27 IST" duration-ms="3222" status="PASS">
          <reporter-output>
          </reporter-output>
        </test-method> <!-- configBeforeClass -->
        <test-method is-config="true" signature="configBM()[pri:0, instance:com.crm.orgTest.OrgTest@51399530]" started-at="2024-12-24T13:55:27 IST" name="configBM" finished-at="2024-12-24T13:55:42 IST" duration-ms="14624" status="PASS">
          <reporter-output>
          </reporter-output>
        </test-method> <!-- configBM -->
        <test-method signature="createOrgTest()[pri:0, instance:com.crm.orgTest.OrgTest@51399530]" started-at="2024-12-24T13:55:42 IST" name="createOrgTest" finished-at="2024-12-24T13:56:05 IST" duration-ms="22971" status="PASS">
          <reporter-output>
          </reporter-output>
        </test-method> <!-- createOrgTest -->
        <test-method is-config="true" signature="configAM()[pri:0, instance:com.crm.orgTest.OrgTest@51399530]" started-at="2024-12-24T13:56:05 IST" name="configAM" finished-at="2024-12-24T13:56:11 IST" duration-ms="6730" status="PASS">
          <reporter-output>
          </reporter-output>
        </test-method> <!-- configAM -->
        <test-method is-config="true" signature="configAC()[pri:0, instance:com.crm.orgTest.OrgTest@51399530]" started-at="2024-12-24T13:56:11 IST" name="configAC" finished-at="2024-12-24T13:56:11 IST" duration-ms="208" status="PASS">
          <reporter-output>
          </reporter-output>
        </test-method> <!-- configAC -->
      </class> <!-- com.crm.orgTest.OrgTest -->
      <class name="com.crm.contactTest.ContactTest">
        <test-method is-config="true" signature="configBeforeClass()[pri:0, instance:com.crm.contactTest.ContactTest@5bf0d49]" started-at="2024-12-24T13:56:11 IST" name="configBeforeClass" finished-at="2024-12-24T13:56:12 IST" duration-ms="1024" status="PASS">
          <reporter-output>
          </reporter-output>
        </test-method> <!-- configBeforeClass -->
        <test-method is-config="true" signature="configBM()[pri:0, instance:com.crm.contactTest.ContactTest@5bf0d49]" started-at="2024-12-24T13:56:12 IST" name="configBM" finished-at="2024-12-24T13:56:15 IST" duration-ms="2634" status="PASS">
          <reporter-output>
          </reporter-output>
        </test-method> <!-- configBM -->
        <test-method signature="createContactTest()[pri:0, instance:com.crm.contactTest.ContactTest@5bf0d49]" started-at="2024-12-24T13:56:15 IST" name="createContactTest" finished-at="2024-12-24T13:56:24 IST" duration-ms="8475" status="PASS">
          <reporter-output>
          </reporter-output>
        </test-method> <!-- createContactTest -->
        <test-method is-config="true" signature="configAM()[pri:0, instance:com.crm.contactTest.ContactTest@5bf0d49]" started-at="2024-12-24T13:56:24 IST" name="configAM" finished-at="2024-12-24T13:56:30 IST" duration-ms="6157" status="PASS">
          <reporter-output>
          </reporter-output>
        </test-method> <!-- configAM -->
        <test-method is-config="true" signature="configAC()[pri:0, instance:com.crm.contactTest.ContactTest@5bf0d49]" started-at="2024-12-24T13:56:30 IST" name="configAC" finished-at="2024-12-24T13:56:30 IST" duration-ms="162" status="PASS">
          <reporter-output>
          </reporter-output>
        </test-method> <!-- configAC -->
      </class> <!-- com.crm.contactTest.ContactTest -->
    </test> <!-- Test -->
  </suite> <!-- Suite -->
</testng-results>
