<?xml version="1.0" encoding="UTF-8"?>
<testng-results ignored="2" total="3" passed="1" failed="0" skipped="0">
  <reporter-output>
  </reporter-output>
  <suite started-at="2024-12-24T14:26:57 IST" name="Suite" finished-at="2024-12-24T14:27:21 IST" duration-ms="23669">
    <groups>
      <group name="smoke">
        <method signature="OrgTest.createOrgTest()[pri:0, instance:com.crm.orgTest.OrgTest@2d3379b4]" name="createOrgTest" class="com.crm.orgTest.OrgTest"/>
      </group> <!-- smoke -->
    </groups>
    <test started-at="2024-12-24T14:26:57 IST" name="Test" finished-at="2024-12-24T14:27:21 IST" duration-ms="23669">
      <class name="com.crm.orgTest.OrgTest">
        <test-method is-config="true" signature="configBeforeClass()[pri:0, instance:com.crm.orgTest.OrgTest@2d3379b4]" started-at="2024-12-24T14:26:57 IST" name="configBeforeClass" finished-at="2024-12-24T14:26:59 IST" duration-ms="1703" status="PASS">
          <reporter-output>
          </reporter-output>
        </test-method> <!-- configBeforeClass -->
        <test-method is-config="true" signature="configBM()[pri:0, instance:com.crm.orgTest.OrgTest@2d3379b4]" started-at="2024-12-24T14:26:59 IST" name="configBM" finished-at="2024-12-24T14:27:03 IST" duration-ms="4382" status="PASS">
          <reporter-output>
          </reporter-output>
        </test-method> <!-- configBM -->
        <test-method signature="createOrgTest()[pri:0, instance:com.crm.orgTest.OrgTest@2d3379b4]" started-at="2024-12-24T14:27:03 IST" name="createOrgTest" finished-at="2024-12-24T14:27:14 IST" duration-ms="10790" status="PASS">
          <reporter-output>
          </reporter-output>
        </test-method> <!-- createOrgTest -->
        <test-method is-config="true" signature="configAM()[pri:0, instance:com.crm.orgTest.OrgTest@2d3379b4]" started-at="2024-12-24T14:27:14 IST" name="configAM" finished-at="2024-12-24T14:27:21 IST" duration-ms="6554" status="PASS">
          <reporter-output>
          </reporter-output>
        </test-method> <!-- configAM -->
        <test-method is-config="true" signature="configAC()[pri:0, instance:com.crm.orgTest.OrgTest@2d3379b4]" started-at="2024-12-24T14:27:21 IST" name="configAC" finished-at="2024-12-24T14:27:21 IST" duration-ms="206" status="PASS">
          <reporter-output>
          </reporter-output>
        </test-method> <!-- configAC -->
      </class> <!-- com.crm.orgTest.OrgTest -->
    </test> <!-- Test -->
  </suite> <!-- Suite -->
</testng-results>
